[2024-08-08 16:42:16][Command][haddock_push] Starting...
[2024-08-08 16:42:16][Command][haddock_push] Your branch is up to date with 'origin/main'.
[2024-08-08 16:42:16][Command][haddock_push] Already on 'main'
[2024-08-08 16:42:16][Command][haddock_push] Deleted branch gh-pages (was d30bc63).
[2024-08-08 16:42:16][Command][haddock_push] Switched to a new branch 'gh-pages'
[2024-08-08 16:42:16][Command][haddock_push] Build profile: -w ghc-9.8.2 -O1
[2024-08-08 16:42:16][Command][haddock_push] In order, the following will be built (use -v for more details):
[2024-08-08 16:42:16][Command][haddock_push]  - smart-math-0.1 (lib) (configuration changed)
[2024-08-08 16:42:16][Command][haddock_push] Configuring library for smart-math-0.1..
[2024-08-08 16:42:22][Command][haddock_push] Preprocessing library for smart-math-0.1..
[2024-08-08 16:42:22][Command][haddock_push] Running Haddock on library for smart-math-0.1..
[2024-08-08 16:42:22][Command][haddock_push] Warning: --source-* options are ignored when --hyperlinked-source is enabled.
[2024-08-08 16:42:23][Command][haddock_push] [ 1 of 17] Compiling Numeric.Class.Division ( src/Numeric/Class/Division.hs, nothing )
[2024-08-08 16:42:23][Command][haddock_push] [ 2 of 17] Compiling Numeric.Data.Fraction.Internal ( src/Numeric/Data/Fraction/Internal.hs, nothing )
[2024-08-08 16:42:24][Command][haddock_push] [ 3 of 17] Compiling Numeric.Data.Internal.Utils ( src/Numeric/Data/Internal/Utils.hs, nothing )
[2024-08-08 16:42:24][Command][haddock_push] [ 4 of 17] Compiling Numeric.Data.Fraction ( src/Numeric/Data/Fraction.hs, nothing )
[2024-08-08 16:42:24][Command][haddock_push] [ 5 of 17] Compiling Numeric.Data.Interval.Internal ( src/Numeric/Data/Interval/Internal.hs, nothing )
[2024-08-08 16:42:24][Command][haddock_push] [ 6 of 17] Compiling Numeric.Data.Interval ( src/Numeric/Data/Interval.hs, nothing )
[2024-08-08 16:42:25][Command][haddock_push] [ 7 of 17] Compiling Numeric.Data.ModN.Internal ( src/Numeric/Data/ModN/Internal.hs, nothing )
[2024-08-08 16:42:25][Command][haddock_push] [ 8 of 17] Compiling Numeric.Data.ModN ( src/Numeric/Data/ModN.hs, nothing )
[2024-08-08 16:42:25][Command][haddock_push] [ 9 of 17] Compiling Numeric.Data.ModP.Internal.Primality ( src/Numeric/Data/ModP/Internal/Primality.hs, nothing )
[2024-08-08 16:42:26][Command][haddock_push] [10 of 17] Compiling Numeric.Data.ModP.Internal ( src/Numeric/Data/ModP/Internal.hs, nothing )
[2024-08-08 16:42:26][Command][haddock_push] [11 of 17] Compiling Numeric.Data.ModP ( src/Numeric/Data/ModP.hs, nothing )
[2024-08-08 16:42:26][Command][haddock_push] [12 of 17] Compiling Numeric.Data.NonNegative.Internal ( src/Numeric/Data/NonNegative/Internal.hs, nothing )
[2024-08-08 16:42:26][Command][haddock_push] [13 of 17] Compiling Numeric.Data.NonNegative ( src/Numeric/Data/NonNegative.hs, nothing )
[2024-08-08 16:42:26][Command][haddock_push] [14 of 17] Compiling Numeric.Data.NonZero.Internal ( src/Numeric/Data/NonZero/Internal.hs, nothing )
[2024-08-08 16:42:26][Command][haddock_push] [15 of 17] Compiling Numeric.Data.NonZero ( src/Numeric/Data/NonZero.hs, nothing )
[2024-08-08 16:42:26][Command][haddock_push] [16 of 17] Compiling Numeric.Data.Positive.Internal ( src/Numeric/Data/Positive/Internal.hs, nothing )
[2024-08-08 16:42:26][Command][haddock_push] [17 of 17] Compiling Numeric.Data.Positive ( src/Numeric/Data/Positive.hs, nothing )
[2024-08-08 16:42:42][Command][haddock_push] Haddock coverage:
[2024-08-08 16:42:42][Command][haddock_push]  100% (  2 /  2) in 'Numeric.Class.Division'
[2024-08-08 16:42:42][Command][haddock_push]  100% ( 13 / 13) in 'Numeric.Data.Fraction.Internal'
[2024-08-08 16:42:42][Command][haddock_push]  100% (  8 /  8) in 'Numeric.Data.Internal.Utils'
[2024-08-08 16:42:42][Command][haddock_push] Warning: 'reduce' is out of scope.
[2024-08-08 16:42:42][Command][haddock_push]     If you qualify the identifier, haddock can try to link it anyway.
[2024-08-08 16:42:42][Command][haddock_push]  100% ( 18 / 18) in 'Numeric.Data.Fraction'
[2024-08-08 16:42:42][Command][haddock_push]  100% ( 13 / 13) in 'Numeric.Data.Interval.Internal'
[2024-08-08 16:42:42][Command][haddock_push]  100% ( 23 / 23) in 'Numeric.Data.Interval'
[2024-08-08 16:42:42][Command][haddock_push]  100% (  9 /  9) in 'Numeric.Data.ModN.Internal'
[2024-08-08 16:42:42][Command][haddock_push]  100% ( 14 / 14) in 'Numeric.Data.ModN'
[2024-08-08 16:42:42][Command][haddock_push]  100% ( 35 / 35) in 'Numeric.Data.ModP.Internal.Primality'
[2024-08-08 16:42:42][Command][haddock_push]  100% ( 10 / 10) in 'Numeric.Data.ModP.Internal'
[2024-08-08 16:42:42][Command][haddock_push]  100% ( 16 / 16) in 'Numeric.Data.ModP'
[2024-08-08 16:42:42][Command][haddock_push]  100% (  7 /  7) in 'Numeric.Data.NonNegative.Internal'
[2024-08-08 16:42:42][Command][haddock_push]  100% ( 15 / 15) in 'Numeric.Data.NonNegative'
[2024-08-08 16:42:42][Command][haddock_push]  100% (  7 /  7) in 'Numeric.Data.NonZero.Internal'
[2024-08-08 16:42:42][Command][haddock_push]  100% ( 14 / 14) in 'Numeric.Data.NonZero'
[2024-08-08 16:42:42][Command][haddock_push]  100% (  7 /  7) in 'Numeric.Data.Positive.Internal'
[2024-08-08 16:42:42][Command][haddock_push]  100% ( 17 / 17) in 'Numeric.Data.Positive'
[2024-08-08 16:42:42][Command][haddock_push] Warning: Numeric.Data.Fraction.Internal: could not find link destinations for: 
[2024-08-08 16:42:42][Command][haddock_push] - Numeric.Data.Fraction.Internal.Rep_Fraction
[2024-08-08 16:42:42][Command][haddock_push] Warning: Numeric.Data.Fraction: could not find link destinations for: 
[2024-08-08 16:42:42][Command][haddock_push] - Numeric.Data.Fraction.Internal.Rep_Fraction
[2024-08-08 16:42:42][Command][haddock_push] Warning: Numeric.Data.Interval.Internal: could not find link destinations for: 
[2024-08-08 16:42:42][Command][haddock_push] - Numeric.Data.Interval.Internal.Rep_Interval
[2024-08-08 16:42:42][Command][haddock_push] - Numeric.Data.Interval.Internal.Rep_IntervalBound
[2024-08-08 16:42:42][Command][haddock_push] Warning: Numeric.Data.Interval: could not find link destinations for: 
[2024-08-08 16:42:42][Command][haddock_push] - Numeric.Data.Interval.Internal.Rep_Interval
[2024-08-08 16:42:42][Command][haddock_push] - Numeric.Data.Interval.Internal.Rep_IntervalBound
[2024-08-08 16:42:42][Command][haddock_push] Warning: Numeric.Data.ModN.Internal: could not find link destinations for: 
[2024-08-08 16:42:42][Command][haddock_push] - Numeric.Data.ModN.Internal.Rep_ModN
[2024-08-08 16:42:42][Command][haddock_push] Warning: Numeric.Data.ModN: could not find link destinations for: 
[2024-08-08 16:42:42][Command][haddock_push] - Numeric.Data.ModN.Internal.Rep_ModN
[2024-08-08 16:42:42][Command][haddock_push] Warning: Numeric.Data.ModP.Internal.Primality: could not find link destinations for: 
[2024-08-08 16:42:42][Command][haddock_push] - Numeric.Data.ModP.Internal.Primality.Rep_MaybePrime
[2024-08-08 16:42:42][Command][haddock_push] Warning: Numeric.Data.ModP.Internal: could not find link destinations for: 
[2024-08-08 16:42:42][Command][haddock_push] - Numeric.Data.ModP.Internal.Rep_ModP
[2024-08-08 16:42:42][Command][haddock_push] Warning: Numeric.Data.ModP: could not find link destinations for: 
[2024-08-08 16:42:42][Command][haddock_push] - Numeric.Data.ModP.Internal.Rep_ModP
[2024-08-08 16:42:42][Command][haddock_push] Warning: Numeric.Data.NonNegative.Internal: could not find link destinations for: 
[2024-08-08 16:42:42][Command][haddock_push] - Numeric.Data.NonNegative.Internal.Rep_NonNegative
[2024-08-08 16:42:42][Command][haddock_push] Warning: Numeric.Data.NonNegative: could not find link destinations for: 
[2024-08-08 16:42:42][Command][haddock_push] - Numeric.Data.NonNegative.Internal.Rep_NonNegative
[2024-08-08 16:42:42][Command][haddock_push] Warning: Numeric.Data.NonZero.Internal: could not find link destinations for: 
[2024-08-08 16:42:42][Command][haddock_push] - Numeric.Data.NonZero.Internal.Rep_NonZero
[2024-08-08 16:42:42][Command][haddock_push] Warning: Numeric.Data.NonZero: could not find link destinations for: 
[2024-08-08 16:42:42][Command][haddock_push] - Numeric.Data.NonZero.Internal.Rep_NonZero
[2024-08-08 16:42:42][Command][haddock_push] Warning: Numeric.Data.Positive.Internal: could not find link destinations for: 
[2024-08-08 16:42:42][Command][haddock_push] - Numeric.Data.Positive.Internal.Rep_Positive
[2024-08-08 16:42:42][Command][haddock_push] Warning: Numeric.Data.Positive: could not find link destinations for: 
[2024-08-08 16:42:42][Command][haddock_push] - Numeric.Data.Positive.Internal.Rep_Positive
[2024-08-08 16:42:42][Command][haddock_push] Documentation created:
[2024-08-08 16:42:42][Command][haddock_push] /home/tommy/Dev/tommy/github/smart-math/dist-newstyle/build/x86_64-linux/ghc-9.8.2/smart-math-0.1/doc/html/smart-math/
